<?xml version="1.0" encoding="UTF-8"?>
<!-- Generated by org.testng.reporters.JUnitReportReporter -->
<testsuite hostname="ZA-5CD350K5XF" failures="0" tests="1" name="com.practice.runner.OrderRunner" time="16.362" errors="0" timestamp="2025-01-10T12:26:17 SAST" skipped="0">
  <testcase classname="com.practice.runner.OrderRunner" name="runScenario" time="16.362"/>
</testsuite> <!-- com.practice.runner.OrderRunner -->
